ARM GAS  C:\Users\one\AppData\Local\Temp\ccCO5RH7.s 			page 1


   1              		.cpu cortex-m4
   2              		.eabi_attribute 27, 1
   3              		.eabi_attribute 28, 1
   4              		.eabi_attribute 20, 1
   5              		.eabi_attribute 21, 1
   6              		.eabi_attribute 23, 3
   7              		.eabi_attribute 24, 1
   8              		.eabi_attribute 25, 1
   9              		.eabi_attribute 26, 1
  10              		.eabi_attribute 30, 1
  11              		.eabi_attribute 34, 1
  12              		.eabi_attribute 18, 4
  13              		.file	"main.cpp"
  14              		.text
  15              	.Ltext0:
  16              		.cfi_sections	.debug_frame
  17              		.section	.text._Z18SystemClock_Configv,"ax",%progbits
  18              		.align	1
  19              		.global	_Z18SystemClock_Configv
  20              		.arch armv7e-m
  21              		.syntax unified
  22              		.thumb
  23              		.thumb_func
  24              		.fpu fpv4-sp-d16
  26              	_Z18SystemClock_Configv:
  27              	.LFB393:
  28              		.file 1 "Core/Src/main.cpp"
   1:Core/Src/main.cpp **** /* USER CODE BEGIN Header */
   2:Core/Src/main.cpp **** /**
   3:Core/Src/main.cpp ****   ******************************************************************************
   4:Core/Src/main.cpp ****   * @file           : main.c
   5:Core/Src/main.cpp ****   * @brief          : Main program body
   6:Core/Src/main.cpp ****   ******************************************************************************
   7:Core/Src/main.cpp ****   * @attention
   8:Core/Src/main.cpp ****   *
   9:Core/Src/main.cpp ****   * <h2><center>&copy; Copyright (c) 2019 STMicroelectronics.
  10:Core/Src/main.cpp ****   * All rights reserved.</center></h2>
  11:Core/Src/main.cpp ****   *
  12:Core/Src/main.cpp ****   * This software component is licensed by ST under BSD 3-Clause license,
  13:Core/Src/main.cpp ****   * the "License"; You may not use this file except in compliance with the
  14:Core/Src/main.cpp ****   * License. You may obtain a copy of the License at:
  15:Core/Src/main.cpp ****   *                        opensource.org/licenses/BSD-3-Clause
  16:Core/Src/main.cpp ****   *
  17:Core/Src/main.cpp ****   ******************************************************************************
  18:Core/Src/main.cpp ****   */
  19:Core/Src/main.cpp **** /* USER CODE END Header */
  20:Core/Src/main.cpp **** 
  21:Core/Src/main.cpp **** /* Includes ------------------------------------------------------------------*/
  22:Core/Src/main.cpp **** #include "main.h"
  23:Core/Src/main.cpp **** #include "dma.h"
  24:Core/Src/main.cpp **** #include "tim.h"
  25:Core/Src/main.cpp **** #include "usart.h"
  26:Core/Src/main.cpp **** #include "gpio.h"
  27:Core/Src/main.cpp **** /* Private includes ----------------------------------------------------------*/
  28:Core/Src/main.cpp **** /* USER CODE BEGIN Includes */
  29:Core/Src/main.cpp **** #include "robo_init.h"
  30:Core/Src/main.cpp **** #include "motor.h"
ARM GAS  C:\Users\one\AppData\Local\Temp\ccCO5RH7.s 			page 2


  31:Core/Src/main.cpp **** #include "actuator.h"
  32:Core/Src/main.cpp **** /* USER CODE END Includes */
  33:Core/Src/main.cpp **** 
  34:Core/Src/main.cpp **** /* Private typedef -----------------------------------------------------------*/
  35:Core/Src/main.cpp **** /* USER CODE BEGIN PTD */
  36:Core/Src/main.cpp **** 
  37:Core/Src/main.cpp **** /* USER CODE END PTD */
  38:Core/Src/main.cpp **** 
  39:Core/Src/main.cpp **** /* Private define ------------------------------------------------------------*/
  40:Core/Src/main.cpp **** /* USER CODE BEGIN PD */
  41:Core/Src/main.cpp **** 
  42:Core/Src/main.cpp **** /* USER CODE END PD */
  43:Core/Src/main.cpp **** 
  44:Core/Src/main.cpp **** /* Private macro -------------------------------------------------------------*/
  45:Core/Src/main.cpp **** /* USER CODE BEGIN PM */
  46:Core/Src/main.cpp **** 
  47:Core/Src/main.cpp **** /* USER CODE END PM */
  48:Core/Src/main.cpp **** 
  49:Core/Src/main.cpp **** /* Private variables ---------------------------------------------------------*/
  50:Core/Src/main.cpp **** 
  51:Core/Src/main.cpp **** /* USER CODE BEGIN PV */
  52:Core/Src/main.cpp **** 
  53:Core/Src/main.cpp **** /* USER CODE END PV */
  54:Core/Src/main.cpp **** 
  55:Core/Src/main.cpp **** /* Private function prototypes -----------------------------------------------*/
  56:Core/Src/main.cpp **** void SystemClock_Config(void);
  57:Core/Src/main.cpp **** /* USER CODE BEGIN PFP */
  58:Core/Src/main.cpp **** 
  59:Core/Src/main.cpp **** /* USER CODE END PFP */
  60:Core/Src/main.cpp **** 
  61:Core/Src/main.cpp **** /* Private user code ---------------------------------------------------------*/
  62:Core/Src/main.cpp **** /* USER CODE BEGIN 0 */
  63:Core/Src/main.cpp **** 
  64:Core/Src/main.cpp **** /* USER CODE END 0 */
  65:Core/Src/main.cpp **** 
  66:Core/Src/main.cpp **** /**
  67:Core/Src/main.cpp ****   * @brief  The application entry point.
  68:Core/Src/main.cpp ****   * @retval int
  69:Core/Src/main.cpp ****   */
  70:Core/Src/main.cpp **** int main(void)
  71:Core/Src/main.cpp **** {
  72:Core/Src/main.cpp ****   /* USER CODE BEGIN 1 */
  73:Core/Src/main.cpp **** 
  74:Core/Src/main.cpp ****   /* USER CODE END 1 */
  75:Core/Src/main.cpp **** 
  76:Core/Src/main.cpp ****   /* MCU Configuration--------------------------------------------------------*/
  77:Core/Src/main.cpp **** 
  78:Core/Src/main.cpp ****   /* Reset of all peripherals, Initializes the Flash interface and the Systick. */
  79:Core/Src/main.cpp ****   HAL_Init();
  80:Core/Src/main.cpp **** 
  81:Core/Src/main.cpp ****   /* USER CODE BEGIN Init */
  82:Core/Src/main.cpp **** 
  83:Core/Src/main.cpp ****   /* USER CODE END Init */
  84:Core/Src/main.cpp **** 
  85:Core/Src/main.cpp ****   /* Configure the system clock */
  86:Core/Src/main.cpp ****   SystemClock_Config();
  87:Core/Src/main.cpp **** 
ARM GAS  C:\Users\one\AppData\Local\Temp\ccCO5RH7.s 			page 3


  88:Core/Src/main.cpp ****   /* USER CODE BEGIN SysInit */
  89:Core/Src/main.cpp **** 
  90:Core/Src/main.cpp ****   /* USER CODE END SysInit */
  91:Core/Src/main.cpp **** 
  92:Core/Src/main.cpp ****   /* Initialize all configured peripherals */
  93:Core/Src/main.cpp ****   MX_GPIO_Init();
  94:Core/Src/main.cpp ****   MX_DMA_Init();
  95:Core/Src/main.cpp ****   MX_TIM1_Init();
  96:Core/Src/main.cpp ****   MX_TIM2_Init();
  97:Core/Src/main.cpp ****   MX_TIM3_Init();
  98:Core/Src/main.cpp ****   MX_TIM4_Init();
  99:Core/Src/main.cpp ****   MX_TIM8_Init();
 100:Core/Src/main.cpp ****   MX_UART4_Init();
 101:Core/Src/main.cpp ****   MX_USART2_UART_Init();
 102:Core/Src/main.cpp **** 
 103:Core/Src/main.cpp ****   /* USER CODE BEGIN 2 */
 104:Core/Src/main.cpp ****   robo_init();
 105:Core/Src/main.cpp ****   /* USER CODE END 2 */
 106:Core/Src/main.cpp ****   /* Infinite loop */
 107:Core/Src/main.cpp ****   /* USER CODE BEGIN WHILE */
 108:Core/Src/main.cpp ****   while (1)
 109:Core/Src/main.cpp ****   {
 110:Core/Src/main.cpp ****     /* USER CODE END WHILE */
 111:Core/Src/main.cpp ****      HAL_GPIO_WritePin(ledGreen_GPIO_Port, ledGreen_Pin, GPIO_PIN_SET);
 112:Core/Src/main.cpp **** 
 113:Core/Src/main.cpp ****     /* USER CODE BEGIN 3 */
 114:Core/Src/main.cpp ****     play();
 115:Core/Src/main.cpp ****   }
 116:Core/Src/main.cpp ****   /* USER CODE END 3 */
 117:Core/Src/main.cpp **** }
 118:Core/Src/main.cpp **** 
 119:Core/Src/main.cpp **** /**
 120:Core/Src/main.cpp ****   * @brief System Clock Configuration
 121:Core/Src/main.cpp ****   * @retval None
 122:Core/Src/main.cpp ****   */
 123:Core/Src/main.cpp **** void SystemClock_Config(void)
 124:Core/Src/main.cpp **** {
  29              		.loc 1 124 1 view -0
  30              		.cfi_startproc
  31              		@ args = 0, pretend = 0, frame = 80
  32              		@ frame_needed = 0, uses_anonymous_args = 0
  33 0000 30B5     		push	{r4, r5, lr}
  34              	.LCFI0:
  35              		.cfi_def_cfa_offset 12
  36              		.cfi_offset 4, -12
  37              		.cfi_offset 5, -8
  38              		.cfi_offset 14, -4
  39 0002 95B0     		sub	sp, sp, #84
  40              	.LCFI1:
  41              		.cfi_def_cfa_offset 96
 125:Core/Src/main.cpp ****   RCC_OscInitTypeDef RCC_OscInitStruct = {0};
  42              		.loc 1 125 3 view .LVU1
  43              		.loc 1 125 22 is_stmt 0 view .LVU2
  44 0004 3022     		movs	r2, #48
  45 0006 0021     		movs	r1, #0
  46 0008 08A8     		add	r0, sp, #32
  47 000a FFF7FEFF 		bl	memset
ARM GAS  C:\Users\one\AppData\Local\Temp\ccCO5RH7.s 			page 4


  48              	.LVL0:
 126:Core/Src/main.cpp ****   RCC_ClkInitTypeDef RCC_ClkInitStruct = {0};
  49              		.loc 1 126 3 is_stmt 1 view .LVU3
  50              		.loc 1 126 22 is_stmt 0 view .LVU4
  51 000e 0024     		movs	r4, #0
  52 0010 0394     		str	r4, [sp, #12]
  53 0012 0494     		str	r4, [sp, #16]
  54 0014 0594     		str	r4, [sp, #20]
  55 0016 0694     		str	r4, [sp, #24]
  56 0018 0794     		str	r4, [sp, #28]
 127:Core/Src/main.cpp **** 
 128:Core/Src/main.cpp ****   /** Configure the main internal regulator output voltage 
 129:Core/Src/main.cpp ****   */
 130:Core/Src/main.cpp ****   __HAL_RCC_PWR_CLK_ENABLE();
  57              		.loc 1 130 3 is_stmt 1 view .LVU5
  58              	.LBB2:
  59              		.loc 1 130 3 view .LVU6
  60 001a 0194     		str	r4, [sp, #4]
  61              		.loc 1 130 3 view .LVU7
  62 001c 1C4B     		ldr	r3, .L3
  63 001e 1A6C     		ldr	r2, [r3, #64]
  64 0020 42F08052 		orr	r2, r2, #268435456
  65 0024 1A64     		str	r2, [r3, #64]
  66              		.loc 1 130 3 view .LVU8
  67 0026 1B6C     		ldr	r3, [r3, #64]
  68 0028 03F08053 		and	r3, r3, #268435456
  69 002c 0193     		str	r3, [sp, #4]
  70              		.loc 1 130 3 view .LVU9
  71 002e 019B     		ldr	r3, [sp, #4]
  72              	.LBE2:
 131:Core/Src/main.cpp ****   __HAL_PWR_VOLTAGESCALING_CONFIG(PWR_REGULATOR_VOLTAGE_SCALE1);
  73              		.loc 1 131 3 view .LVU10
  74              	.LBB3:
  75              		.loc 1 131 3 view .LVU11
  76 0030 0294     		str	r4, [sp, #8]
  77              		.loc 1 131 3 view .LVU12
  78 0032 184B     		ldr	r3, .L3+4
  79 0034 1A68     		ldr	r2, [r3]
  80 0036 42F48042 		orr	r2, r2, #16384
  81 003a 1A60     		str	r2, [r3]
  82              		.loc 1 131 3 view .LVU13
  83 003c 1B68     		ldr	r3, [r3]
  84 003e 03F48043 		and	r3, r3, #16384
  85 0042 0293     		str	r3, [sp, #8]
  86              		.loc 1 131 3 view .LVU14
  87 0044 029B     		ldr	r3, [sp, #8]
  88              	.LBE3:
 132:Core/Src/main.cpp ****   /** Initializes the CPU, AHB and APB busses clocks 
 133:Core/Src/main.cpp ****   */
 134:Core/Src/main.cpp ****   RCC_OscInitStruct.OscillatorType = RCC_OSCILLATORTYPE_HSE;
  89              		.loc 1 134 3 view .LVU15
  90              		.loc 1 134 36 is_stmt 0 view .LVU16
  91 0046 0123     		movs	r3, #1
  92 0048 0893     		str	r3, [sp, #32]
 135:Core/Src/main.cpp ****   RCC_OscInitStruct.HSEState = RCC_HSE_ON;
  93              		.loc 1 135 3 is_stmt 1 view .LVU17
  94              		.loc 1 135 30 is_stmt 0 view .LVU18
ARM GAS  C:\Users\one\AppData\Local\Temp\ccCO5RH7.s 			page 5


  95 004a 4FF48033 		mov	r3, #65536
  96 004e 0993     		str	r3, [sp, #36]
 136:Core/Src/main.cpp ****   RCC_OscInitStruct.PLL.PLLState = RCC_PLL_ON;
  97              		.loc 1 136 3 is_stmt 1 view .LVU19
  98              		.loc 1 136 34 is_stmt 0 view .LVU20
  99 0050 0225     		movs	r5, #2
 100 0052 0E95     		str	r5, [sp, #56]
 137:Core/Src/main.cpp ****   RCC_OscInitStruct.PLL.PLLSource = RCC_PLLSOURCE_HSE;
 101              		.loc 1 137 3 is_stmt 1 view .LVU21
 102              		.loc 1 137 35 is_stmt 0 view .LVU22
 103 0054 4FF48003 		mov	r3, #4194304
 104 0058 0F93     		str	r3, [sp, #60]
 138:Core/Src/main.cpp ****   RCC_OscInitStruct.PLL.PLLM = 8;
 105              		.loc 1 138 3 is_stmt 1 view .LVU23
 106              		.loc 1 138 30 is_stmt 0 view .LVU24
 107 005a 0823     		movs	r3, #8
 108 005c 1093     		str	r3, [sp, #64]
 139:Core/Src/main.cpp ****   RCC_OscInitStruct.PLL.PLLN = 336;
 109              		.loc 1 139 3 is_stmt 1 view .LVU25
 110              		.loc 1 139 30 is_stmt 0 view .LVU26
 111 005e 4FF4A873 		mov	r3, #336
 112 0062 1193     		str	r3, [sp, #68]
 140:Core/Src/main.cpp ****   RCC_OscInitStruct.PLL.PLLP = RCC_PLLP_DIV2;
 113              		.loc 1 140 3 is_stmt 1 view .LVU27
 114              		.loc 1 140 30 is_stmt 0 view .LVU28
 115 0064 1295     		str	r5, [sp, #72]
 141:Core/Src/main.cpp ****   RCC_OscInitStruct.PLL.PLLQ = 7;
 116              		.loc 1 141 3 is_stmt 1 view .LVU29
 117              		.loc 1 141 30 is_stmt 0 view .LVU30
 118 0066 0723     		movs	r3, #7
 119 0068 1393     		str	r3, [sp, #76]
 142:Core/Src/main.cpp ****   if (HAL_RCC_OscConfig(&RCC_OscInitStruct) != HAL_OK)
 120              		.loc 1 142 3 is_stmt 1 view .LVU31
 121              		.loc 1 142 24 is_stmt 0 view .LVU32
 122 006a 08A8     		add	r0, sp, #32
 123 006c FFF7FEFF 		bl	HAL_RCC_OscConfig
 124              	.LVL1:
 143:Core/Src/main.cpp ****   {
 144:Core/Src/main.cpp ****     Error_Handler();
 145:Core/Src/main.cpp ****   }
 146:Core/Src/main.cpp ****   /** Initializes the CPU, AHB and APB busses clocks 
 147:Core/Src/main.cpp ****   */
 148:Core/Src/main.cpp ****   RCC_ClkInitStruct.ClockType = RCC_CLOCKTYPE_HCLK | RCC_CLOCKTYPE_SYSCLK | RCC_CLOCKTYPE_PCLK1 | R
 125              		.loc 1 148 3 is_stmt 1 view .LVU33
 126              		.loc 1 148 31 is_stmt 0 view .LVU34
 127 0070 0F23     		movs	r3, #15
 128 0072 0393     		str	r3, [sp, #12]
 149:Core/Src/main.cpp ****   RCC_ClkInitStruct.SYSCLKSource = RCC_SYSCLKSOURCE_PLLCLK;
 129              		.loc 1 149 3 is_stmt 1 view .LVU35
 130              		.loc 1 149 34 is_stmt 0 view .LVU36
 131 0074 0495     		str	r5, [sp, #16]
 150:Core/Src/main.cpp ****   RCC_ClkInitStruct.AHBCLKDivider = RCC_SYSCLK_DIV1;
 132              		.loc 1 150 3 is_stmt 1 view .LVU37
 133              		.loc 1 150 35 is_stmt 0 view .LVU38
 134 0076 0594     		str	r4, [sp, #20]
 151:Core/Src/main.cpp ****   RCC_ClkInitStruct.APB1CLKDivider = RCC_HCLK_DIV4;
 135              		.loc 1 151 3 is_stmt 1 view .LVU39
ARM GAS  C:\Users\one\AppData\Local\Temp\ccCO5RH7.s 			page 6


 136              		.loc 1 151 36 is_stmt 0 view .LVU40
 137 0078 4FF4A053 		mov	r3, #5120
 138 007c 0693     		str	r3, [sp, #24]
 152:Core/Src/main.cpp ****   RCC_ClkInitStruct.APB2CLKDivider = RCC_HCLK_DIV2;
 139              		.loc 1 152 3 is_stmt 1 view .LVU41
 140              		.loc 1 152 36 is_stmt 0 view .LVU42
 141 007e 4FF48053 		mov	r3, #4096
 142 0082 0793     		str	r3, [sp, #28]
 153:Core/Src/main.cpp **** 
 154:Core/Src/main.cpp ****   if (HAL_RCC_ClockConfig(&RCC_ClkInitStruct, FLASH_LATENCY_5) != HAL_OK)
 143              		.loc 1 154 3 is_stmt 1 view .LVU43
 144              		.loc 1 154 26 is_stmt 0 view .LVU44
 145 0084 0521     		movs	r1, #5
 146 0086 03A8     		add	r0, sp, #12
 147 0088 FFF7FEFF 		bl	HAL_RCC_ClockConfig
 148              	.LVL2:
 155:Core/Src/main.cpp ****   {
 156:Core/Src/main.cpp ****     Error_Handler();
 157:Core/Src/main.cpp ****   }
 158:Core/Src/main.cpp **** }
 149              		.loc 1 158 1 view .LVU45
 150 008c 15B0     		add	sp, sp, #84
 151              	.LCFI2:
 152              		.cfi_def_cfa_offset 12
 153              		@ sp needed
 154 008e 30BD     		pop	{r4, r5, pc}
 155              	.L4:
 156              		.align	2
 157              	.L3:
 158 0090 00380240 		.word	1073887232
 159 0094 00700040 		.word	1073770496
 160              		.cfi_endproc
 161              	.LFE393:
 163              		.section	.text.main,"ax",%progbits
 164              		.align	1
 165              		.global	main
 166              		.syntax unified
 167              		.thumb
 168              		.thumb_func
 169              		.fpu fpv4-sp-d16
 171              	main:
 172              	.LFB392:
  71:Core/Src/main.cpp ****   /* USER CODE BEGIN 1 */
 173              		.loc 1 71 1 is_stmt 1 view -0
 174              		.cfi_startproc
 175              		@ Volatile: function does not return.
 176              		@ args = 0, pretend = 0, frame = 0
 177              		@ frame_needed = 0, uses_anonymous_args = 0
 178 0000 08B5     		push	{r3, lr}
 179              	.LCFI3:
 180              		.cfi_def_cfa_offset 8
 181              		.cfi_offset 3, -8
 182              		.cfi_offset 14, -4
  79:Core/Src/main.cpp **** 
 183              		.loc 1 79 3 view .LVU47
  79:Core/Src/main.cpp **** 
 184              		.loc 1 79 11 is_stmt 0 view .LVU48
ARM GAS  C:\Users\one\AppData\Local\Temp\ccCO5RH7.s 			page 7


 185 0002 FFF7FEFF 		bl	HAL_Init
 186              	.LVL3:
  86:Core/Src/main.cpp **** 
 187              		.loc 1 86 3 is_stmt 1 view .LVU49
  86:Core/Src/main.cpp **** 
 188              		.loc 1 86 21 is_stmt 0 view .LVU50
 189 0006 FFF7FEFF 		bl	_Z18SystemClock_Configv
 190              	.LVL4:
  93:Core/Src/main.cpp ****   MX_DMA_Init();
 191              		.loc 1 93 3 is_stmt 1 view .LVU51
  93:Core/Src/main.cpp ****   MX_DMA_Init();
 192              		.loc 1 93 15 is_stmt 0 view .LVU52
 193 000a FFF7FEFF 		bl	MX_GPIO_Init
 194              	.LVL5:
  94:Core/Src/main.cpp ****   MX_TIM1_Init();
 195              		.loc 1 94 3 is_stmt 1 view .LVU53
  94:Core/Src/main.cpp ****   MX_TIM1_Init();
 196              		.loc 1 94 14 is_stmt 0 view .LVU54
 197 000e FFF7FEFF 		bl	MX_DMA_Init
 198              	.LVL6:
  95:Core/Src/main.cpp ****   MX_TIM2_Init();
 199              		.loc 1 95 3 is_stmt 1 view .LVU55
  95:Core/Src/main.cpp ****   MX_TIM2_Init();
 200              		.loc 1 95 15 is_stmt 0 view .LVU56
 201 0012 FFF7FEFF 		bl	MX_TIM1_Init
 202              	.LVL7:
  96:Core/Src/main.cpp ****   MX_TIM3_Init();
 203              		.loc 1 96 3 is_stmt 1 view .LVU57
  96:Core/Src/main.cpp ****   MX_TIM3_Init();
 204              		.loc 1 96 15 is_stmt 0 view .LVU58
 205 0016 FFF7FEFF 		bl	MX_TIM2_Init
 206              	.LVL8:
  97:Core/Src/main.cpp ****   MX_TIM4_Init();
 207              		.loc 1 97 3 is_stmt 1 view .LVU59
  97:Core/Src/main.cpp ****   MX_TIM4_Init();
 208              		.loc 1 97 15 is_stmt 0 view .LVU60
 209 001a FFF7FEFF 		bl	MX_TIM3_Init
 210              	.LVL9:
  98:Core/Src/main.cpp ****   MX_TIM8_Init();
 211              		.loc 1 98 3 is_stmt 1 view .LVU61
  98:Core/Src/main.cpp ****   MX_TIM8_Init();
 212              		.loc 1 98 15 is_stmt 0 view .LVU62
 213 001e FFF7FEFF 		bl	MX_TIM4_Init
 214              	.LVL10:
  99:Core/Src/main.cpp ****   MX_UART4_Init();
 215              		.loc 1 99 3 is_stmt 1 view .LVU63
  99:Core/Src/main.cpp ****   MX_UART4_Init();
 216              		.loc 1 99 15 is_stmt 0 view .LVU64
 217 0022 FFF7FEFF 		bl	MX_TIM8_Init
 218              	.LVL11:
 100:Core/Src/main.cpp ****   MX_USART2_UART_Init();
 219              		.loc 1 100 3 is_stmt 1 view .LVU65
 100:Core/Src/main.cpp ****   MX_USART2_UART_Init();
 220              		.loc 1 100 16 is_stmt 0 view .LVU66
 221 0026 FFF7FEFF 		bl	MX_UART4_Init
 222              	.LVL12:
 101:Core/Src/main.cpp **** 
ARM GAS  C:\Users\one\AppData\Local\Temp\ccCO5RH7.s 			page 8


 223              		.loc 1 101 3 is_stmt 1 view .LVU67
 101:Core/Src/main.cpp **** 
 224              		.loc 1 101 22 is_stmt 0 view .LVU68
 225 002a FFF7FEFF 		bl	MX_USART2_UART_Init
 226              	.LVL13:
 104:Core/Src/main.cpp ****   /* USER CODE END 2 */
 227              		.loc 1 104 3 is_stmt 1 view .LVU69
 104:Core/Src/main.cpp ****   /* USER CODE END 2 */
 228              		.loc 1 104 12 is_stmt 0 view .LVU70
 229 002e FFF7FEFF 		bl	_Z9robo_initv
 230              	.LVL14:
 231              	.L6:
 108:Core/Src/main.cpp ****   {
 232              		.loc 1 108 3 is_stmt 1 discriminator 1 view .LVU71
 111:Core/Src/main.cpp **** 
 233              		.loc 1 111 6 discriminator 1 view .LVU72
 111:Core/Src/main.cpp **** 
 234              		.loc 1 111 23 is_stmt 0 discriminator 1 view .LVU73
 235 0032 0122     		movs	r2, #1
 236 0034 4FF48051 		mov	r1, #4096
 237 0038 0248     		ldr	r0, .L8
 238 003a FFF7FEFF 		bl	HAL_GPIO_WritePin
 239              	.LVL15:
 114:Core/Src/main.cpp ****   }
 240              		.loc 1 114 5 is_stmt 1 discriminator 1 view .LVU74
 114:Core/Src/main.cpp ****   }
 241              		.loc 1 114 9 is_stmt 0 discriminator 1 view .LVU75
 242 003e FFF7FEFF 		bl	_Z4playv
 243              	.LVL16:
 108:Core/Src/main.cpp ****   {
 244              		.loc 1 108 3 is_stmt 1 discriminator 1 view .LVU76
 245 0042 F6E7     		b	.L6
 246              	.L9:
 247              		.align	2
 248              	.L8:
 249 0044 000C0240 		.word	1073875968
 250              		.cfi_endproc
 251              	.LFE392:
 253              		.section	.text.Error_Handler,"ax",%progbits
 254              		.align	1
 255              		.global	Error_Handler
 256              		.syntax unified
 257              		.thumb
 258              		.thumb_func
 259              		.fpu fpv4-sp-d16
 261              	Error_Handler:
 262              	.LFB394:
 159:Core/Src/main.cpp **** 
 160:Core/Src/main.cpp **** /* USER CODE BEGIN 4 */
 161:Core/Src/main.cpp **** 
 162:Core/Src/main.cpp **** /* USER CODE END 4 */
 163:Core/Src/main.cpp **** 
 164:Core/Src/main.cpp **** /**
 165:Core/Src/main.cpp ****   * @brief  This function is executed in case of error occurrence.
 166:Core/Src/main.cpp ****   * @retval None
 167:Core/Src/main.cpp ****   */
 168:Core/Src/main.cpp **** void Error_Handler(void)
ARM GAS  C:\Users\one\AppData\Local\Temp\ccCO5RH7.s 			page 9


 169:Core/Src/main.cpp **** {
 263              		.loc 1 169 1 view -0
 264              		.cfi_startproc
 265              		@ args = 0, pretend = 0, frame = 0
 266              		@ frame_needed = 0, uses_anonymous_args = 0
 267              		@ link register save eliminated.
 170:Core/Src/main.cpp ****   /* USER CODE BEGIN Error_Handler_Debug */
 171:Core/Src/main.cpp ****   /* User can add his own implementation to report the HAL error return state */
 172:Core/Src/main.cpp **** 
 173:Core/Src/main.cpp ****   /* USER CODE END Error_Handler_Debug */
 174:Core/Src/main.cpp **** }
 268              		.loc 1 174 1 is_stmt 0 view .LVU78
 269 0000 7047     		bx	lr
 270              		.cfi_endproc
 271              	.LFE394:
 273              		.text
 274              	.Letext0:
 275              		.file 2 "c:\\vsarm\\armcc\\arm-none-eabi\\include\\machine\\_default_types.h"
 276              		.file 3 "c:\\vsarm\\armcc\\arm-none-eabi\\include\\sys\\_stdint.h"
 277              		.file 4 "Drivers/CMSIS/Include/core_cm4.h"
 278              		.file 5 "Drivers/CMSIS/Device/ST/STM32F4xx/Include/system_stm32f4xx.h"
 279              		.file 6 "Drivers/CMSIS/Device/ST/STM32F4xx/Include/stm32f407xx.h"
 280              		.file 7 "Drivers/STM32F4xx_HAL_Driver/Inc/stm32f4xx_hal_def.h"
 281              		.file 8 "Drivers/STM32F4xx_HAL_Driver/Inc/stm32f4xx_hal_rcc_ex.h"
 282              		.file 9 "Drivers/STM32F4xx_HAL_Driver/Inc/stm32f4xx_hal_rcc.h"
 283              		.file 10 "Drivers/STM32F4xx_HAL_Driver/Inc/stm32f4xx_hal_gpio.h"
 284              		.file 11 "Drivers/STM32F4xx_HAL_Driver/Inc/stm32f4xx_hal_dma.h"
 285              		.file 12 "Drivers/STM32F4xx_HAL_Driver/Inc/stm32f4xx_hal_tim.h"
 286              		.file 13 "Drivers/STM32F4xx_HAL_Driver/Inc/stm32f4xx_hal_uart.h"
 287              		.file 14 "Core/Inc/tim.h"
 288              		.file 15 "Core/Inc/usart.h"
 289              		.file 16 "c:\\vsarm\\armcc\\lib\\gcc\\arm-none-eabi\\9.3.1\\include\\stddef.h"
 290              		.file 17 "c:\\vsarm\\armcc\\arm-none-eabi\\include\\sys\\_types.h"
 291              		.file 18 "c:\\vsarm\\armcc\\arm-none-eabi\\include\\sys\\reent.h"
 292              		.file 19 "c:\\vsarm\\armcc\\arm-none-eabi\\include\\sys\\lock.h"
 293              		.file 20 "c:\\vsarm\\armcc\\arm-none-eabi\\include\\c++\\9.3.1\\cmath"
 294              		.file 21 "c:\\vsarm\\armcc\\arm-none-eabi\\include\\c++\\9.3.1\\bits\\std_abs.h"
 295              		.file 22 "c:\\vsarm\\armcc\\arm-none-eabi\\include\\c++\\9.3.1\\arm-none-eabi\\thumb\\v7e-m+fp\\ha
 296              		.file 23 "c:\\vsarm\\armcc\\arm-none-eabi\\include\\math.h"
 297              		.file 24 "c:\\vsarm\\armcc\\arm-none-eabi\\include\\stdlib.h"
 298              		.file 25 "c:\\vsarm\\armcc\\arm-none-eabi\\include\\c++\\9.3.1\\math.h"
 299              		.file 26 "Drivers/STM32F4xx_HAL_Driver/Inc/stm32f4xx_hal.h"
 300              		.file 27 "Core/Inc/gpio.h"
 301              		.file 28 "Core/Inc/dma.h"
 302              		.file 29 "Core/Inc/robo_init.h"
 303              		.file 30 "Core/Inc/actuator.h"
 304              		.file 31 "<built-in>"
ARM GAS  C:\Users\one\AppData\Local\Temp\ccCO5RH7.s 			page 10


DEFINED SYMBOLS
                            *ABS*:00000000 main.cpp
C:\Users\one\AppData\Local\Temp\ccCO5RH7.s:18     .text._Z18SystemClock_Configv:00000000 $t
C:\Users\one\AppData\Local\Temp\ccCO5RH7.s:26     .text._Z18SystemClock_Configv:00000000 _Z18SystemClock_Configv
C:\Users\one\AppData\Local\Temp\ccCO5RH7.s:158    .text._Z18SystemClock_Configv:00000090 $d
C:\Users\one\AppData\Local\Temp\ccCO5RH7.s:164    .text.main:00000000 $t
C:\Users\one\AppData\Local\Temp\ccCO5RH7.s:171    .text.main:00000000 main
C:\Users\one\AppData\Local\Temp\ccCO5RH7.s:249    .text.main:00000044 $d
C:\Users\one\AppData\Local\Temp\ccCO5RH7.s:254    .text.Error_Handler:00000000 $t
C:\Users\one\AppData\Local\Temp\ccCO5RH7.s:261    .text.Error_Handler:00000000 Error_Handler

UNDEFINED SYMBOLS
memset
HAL_RCC_OscConfig
HAL_RCC_ClockConfig
HAL_Init
MX_GPIO_Init
MX_DMA_Init
MX_TIM1_Init
MX_TIM2_Init
MX_TIM3_Init
MX_TIM4_Init
MX_TIM8_Init
MX_UART4_Init
MX_USART2_UART_Init
_Z9robo_initv
HAL_GPIO_WritePin
_Z4playv
